Using pre-set license
Built from '2020.2/release' branch; Version is '2020.2.1f1 (270dd8c3da1c) revision 2559448'; Using compiler version '192528614'; Build Type 'Release'
OS: 'Windows 10  (10.0.0) 64bit' Language: 'pl' Physical Memory: 16313 MB
BatchMode: 1, IsHumanControllingUs: 0, StartBugReporterOnCrash: 0, Is64bit: 1, IsPro: 0

 COMMAND LINE ARGUMENTS:
C:\Program Files\Unity\Editor\Unity.exe
-adb2
-batchMode
-noUpm
-name
AssetImportWorker0
-projectPath
C:/Users/piotr/Documents/Unity/Projekty/Asteroids
-logFile
Logs/AssetImportWorker0.log
-srvPort
51567
Successfully changed project path to: C:/Users/piotr/Documents/Unity/Projekty/Asteroids
C:/Users/piotr/Documents/Unity/Projekty/Asteroids
Using Asset Import Pipeline V2.
Refreshing native plugins compatible for Editor in 33.35 ms, found 1 plugins.
Preloading 0 native plugins for Editor in 0.00 ms.
Initialize engine version: 2020.2.1f1 (270dd8c3da1c)
[Subsystems] Discovering subsystems at path C:/Program Files/Unity/Editor/Data/Resources/UnitySubsystems
[Subsystems] Discovering subsystems at path C:/Users/piotr/Documents/Unity/Projekty/Asteroids/Assets
GfxDevice: creating device client; threaded=0
Direct3D:
    Version:  Direct3D 11.0 [level 11.1]
    Renderer: NVIDIA GeForce GTX 1660 (ID=0x2184)
    Vendor:   
    VRAM:     5991 MB
    Driver:   31.0.15.1694
Initialize mono
Mono path[0] = 'C:/Program Files/Unity/Editor/Data/Managed'
Mono path[1] = 'C:/Program Files/Unity/Editor/Data/MonoBleedingEdge/lib/mono/unityjit'
Mono config path = 'C:/Program Files/Unity/Editor/Data/MonoBleedingEdge/etc'
Using monoOptions --debugger-agent=transport=dt_socket,embedding=1,server=y,suspend=n,address=127.0.0.1:56740
Begin MonoManager ReloadAssembly
Registering precompiled unity dll's ...
Register platform support module: C:/Program Files/Unity/Editor/Data/PlaybackEngines/WindowsStandaloneSupport/UnityEditor.WindowsStandalone.Extensions.dll
Registered in 0.001327 seconds.
Native extension for WindowsStandalone target not found
Refreshing native plugins compatible for Editor in 33.10 ms, found 1 plugins.
Preloading 0 native plugins for Editor in 0.00 ms.
Invoked RoslynAnalysisRunner static constructor.
RoslynAnalysisRunner will not be running.
RoslynAnalysisRunner has terminated.
Mono: successfully reloaded assembly
- Completed reload, in  0.881 seconds
Platform modules already initialized, skipping
Registering precompiled user dll's ...
Registered in 0.000839 seconds.
Begin MonoManager ReloadAssembly
Native extension for WindowsStandalone target not found
Refreshing native plugins compatible for Editor in 33.49 ms, found 1 plugins.
Preloading 0 native plugins for Editor in 0.00 ms.
Invoked RoslynAnalysisRunner static constructor.
RoslynAnalysisRunner will not be running.
RoslynAnalysisRunner has terminated.
Mono: successfully reloaded assembly
- Completed reload, in  0.848 seconds
Platform modules already initialized, skipping
========================================================================
Worker process is ready to serve import requests
Launched and connected shader compiler UnityShaderCompiler.exe after 0.02 seconds
Refreshing native plugins compatible for Editor in 0.30 ms, found 1 plugins.
Preloading 0 native plugins for Editor in 0.00 ms.
Unloading 1791 Unused Serialized files (Serialized files now loaded: 0)
System memory in use before: 83.6 MB.
System memory in use after: 83.6 MB.

Unloading 24 unused Assets to reduce memory usage. Loaded Objects now: 2230.
Total: 2.340500 ms (FindLiveObjects: 0.180700 ms CreateObjectMapping: 0.073200 ms MarkObjects: 1.990000 ms  DeleteObjects: 0.095800 ms)

========================================================================
Received Import Request.
  path: Assets/Scripts/AsteroidSpawner.cs
  artifactKey: Guid(82ab7a0b6bcf31743a21e49e5ea5d9de) Importer(815301076,1909f56bfc062723c751e8b465ee728b)
Start importing Assets/Scripts/AsteroidSpawner.cs using Guid(82ab7a0b6bcf31743a21e49e5ea5d9de) Importer(815301076,1909f56bfc062723c751e8b465ee728b)  -> (artifact id: '37a74a8d0b6ed0f578989a2512bcfda3') in 0.022460 seconds
  Import took 0.024929 seconds .

========================================================================
Received Prepare
Registering precompiled user dll's ...
Registered in 0.000781 seconds.
Begin MonoManager ReloadAssembly
Native extension for WindowsStandalone target not found
Refreshing native plugins compatible for Editor in 0.31 ms, found 1 plugins.
Preloading 0 native plugins for Editor in 0.00 ms.
Invoked RoslynAnalysisRunner static constructor.
RoslynAnalysisRunner will not be running.
RoslynAnalysisRunner has terminated.
Mono: successfully reloaded assembly
- Completed reload, in  0.738 seconds
Platform modules already initialized, skipping
Refreshing native plugins compatible for Editor in 0.31 ms, found 1 plugins.
Preloading 0 native plugins for Editor in 0.00 ms.
Unloading 1786 Unused Serialized files (Serialized files now loaded: 0)
System memory in use before: 83.7 MB.
System memory in use after: 83.7 MB.

Unloading 12 unused Assets to reduce memory usage. Loaded Objects now: 2233.
Total: 1.813700 ms (FindLiveObjects: 0.198000 ms CreateObjectMapping: 0.063000 ms MarkObjects: 1.436000 ms  DeleteObjects: 0.115900 ms)

========================================================================
Received Import Request.
  Time since last request: 2988.044825 seconds.
  path: Assets/Prefabs/Asteroid.prefab
  artifactKey: Guid(569baed736cfd8840b76d836bd41d7f3) Importer(815301076,1909f56bfc062723c751e8b465ee728b)
Start importing Assets/Prefabs/Asteroid.prefab using Guid(569baed736cfd8840b76d836bd41d7f3) Importer(815301076,1909f56bfc062723c751e8b465ee728b)  -> (artifact id: '1fd6476128c017032812ac9622d73a0d') in 0.093663 seconds
  Import took 0.097140 seconds .

========================================================================
Received Import Request.
  Time since last request: 83.625745 seconds.
  path: Assets/Prefabs/Asteroid.prefab
  artifactKey: Guid(569baed736cfd8840b76d836bd41d7f3) Importer(815301076,1909f56bfc062723c751e8b465ee728b)
Start importing Assets/Prefabs/Asteroid.prefab using Guid(569baed736cfd8840b76d836bd41d7f3) Importer(815301076,1909f56bfc062723c751e8b465ee728b)  -> (artifact id: 'ec13d416ea873eeb90785f35823025bd') in 0.008180 seconds
  Import took 0.011724 seconds .

========================================================================
Received Import Request.
  Time since last request: 17.796641 seconds.
  path: Assets/Prefabs/Asteroid.prefab
  artifactKey: Guid(569baed736cfd8840b76d836bd41d7f3) Importer(815301076,1909f56bfc062723c751e8b465ee728b)
Start importing Assets/Prefabs/Asteroid.prefab using Guid(569baed736cfd8840b76d836bd41d7f3) Importer(815301076,1909f56bfc062723c751e8b465ee728b)  -> (artifact id: '832621e7e4f8162a2922fd0652e59820') in 0.006253 seconds
  Import took 0.009169 seconds .

========================================================================
Received Import Request.
  Time since last request: 2.280207 seconds.
  path: Assets/Prefabs/Asteroid.prefab
  artifactKey: Guid(569baed736cfd8840b76d836bd41d7f3) Importer(815301076,1909f56bfc062723c751e8b465ee728b)
Start importing Assets/Prefabs/Asteroid.prefab using Guid(569baed736cfd8840b76d836bd41d7f3) Importer(815301076,1909f56bfc062723c751e8b465ee728b)  -> (artifact id: '05fb75a87eed96e4d946200bdb3c874b') in 0.006592 seconds
  Import took 0.010031 seconds .

========================================================================
Received Import Request.
  Time since last request: 2.298218 seconds.
  path: Assets/Prefabs/Asteroid.prefab
  artifactKey: Guid(569baed736cfd8840b76d836bd41d7f3) Importer(815301076,1909f56bfc062723c751e8b465ee728b)
Start importing Assets/Prefabs/Asteroid.prefab using Guid(569baed736cfd8840b76d836bd41d7f3) Importer(815301076,1909f56bfc062723c751e8b465ee728b)  -> (artifact id: 'f9f79ba19d8ccc2d08f83e42e0ebabf8') in 0.009484 seconds
  Import took 0.012753 seconds .

========================================================================
Received Import Request.
  Time since last request: 2.057983 seconds.
  path: Assets/Prefabs/Asteroid.prefab
  artifactKey: Guid(569baed736cfd8840b76d836bd41d7f3) Importer(815301076,1909f56bfc062723c751e8b465ee728b)
Start importing Assets/Prefabs/Asteroid.prefab using Guid(569baed736cfd8840b76d836bd41d7f3) Importer(815301076,1909f56bfc062723c751e8b465ee728b)  -> (artifact id: '40e5b8035c16b46bbf6e6722f10c6ccf') in 0.007922 seconds
  Import took 0.010754 seconds .

========================================================================
Received Prepare
Registering precompiled user dll's ...
Registered in 0.000880 seconds.
Begin MonoManager ReloadAssembly
Native extension for WindowsStandalone target not found
Refreshing native plugins compatible for Editor in 0.31 ms, found 1 plugins.
Preloading 0 native plugins for Editor in 0.00 ms.
Invoked RoslynAnalysisRunner static constructor.
RoslynAnalysisRunner will not be running.
RoslynAnalysisRunner has terminated.
Mono: successfully reloaded assembly
- Completed reload, in  0.809 seconds
Platform modules already initialized, skipping
Refreshing native plugins compatible for Editor in 0.31 ms, found 1 plugins.
Preloading 0 native plugins for Editor in 0.00 ms.
Unloading 1786 Unused Serialized files (Serialized files now loaded: 0)
System memory in use before: 86.9 MB.
System memory in use after: 86.9 MB.

Unloading 12 unused Assets to reduce memory usage. Loaded Objects now: 2243.
Total: 1.985900 ms (FindLiveObjects: 0.193300 ms CreateObjectMapping: 0.067100 ms MarkObjects: 1.627700 ms  DeleteObjects: 0.096700 ms)

========================================================================
Received Prepare
Registering precompiled user dll's ...
Registered in 0.000794 seconds.
Begin MonoManager ReloadAssembly
Native extension for WindowsStandalone target not found
Refreshing native plugins compatible for Editor in 0.40 ms, found 1 plugins.
Preloading 0 native plugins for Editor in 0.00 ms.
Invoked RoslynAnalysisRunner static constructor.
RoslynAnalysisRunner will not be running.
RoslynAnalysisRunner has terminated.
Mono: successfully reloaded assembly
- Completed reload, in  0.799 seconds
Platform modules already initialized, skipping
Refreshing native plugins compatible for Editor in 0.31 ms, found 1 plugins.
Preloading 0 native plugins for Editor in 0.00 ms.
Unloading 1786 Unused Serialized files (Serialized files now loaded: 0)
System memory in use before: 86.9 MB.
System memory in use after: 86.9 MB.

Unloading 12 unused Assets to reduce memory usage. Loaded Objects now: 2246.
Total: 1.912300 ms (FindLiveObjects: 0.219200 ms CreateObjectMapping: 0.080100 ms MarkObjects: 1.530100 ms  DeleteObjects: 0.081500 ms)

========================================================================
Received Import Request.
  Time since last request: 533.583135 seconds.
  path: ProjectSettings/TagManager.asset
  artifactKey: Guid(00000000000000003000000000000000) Importer(815301076,1909f56bfc062723c751e8b465ee728b)
Start importing ProjectSettings/TagManager.asset using Guid(00000000000000003000000000000000) Importer(815301076,1909f56bfc062723c751e8b465ee728b)  -> (artifact id: 'c75eaece3c4d7d287cb23eaa5151e94f') in 0.012068 seconds
  Import took 0.015627 seconds .

========================================================================
Received Import Request.
  Time since last request: 57.966617 seconds.
  path: Assets/Prefabs/Asteroid.prefab
  artifactKey: Guid(569baed736cfd8840b76d836bd41d7f3) Importer(815301076,1909f56bfc062723c751e8b465ee728b)
Start importing Assets/Prefabs/Asteroid.prefab using Guid(569baed736cfd8840b76d836bd41d7f3) Importer(815301076,1909f56bfc062723c751e8b465ee728b)  -> (artifact id: '8ec4dba17ab880be95d19ab98b725de4') in 0.044419 seconds
  Import took 0.047324 seconds .

========================================================================
Received Import Request.
  Time since last request: 426.335998 seconds.
  path: Assets/Prefabs/Asteroid.prefab
  artifactKey: Guid(569baed736cfd8840b76d836bd41d7f3) Importer(815301076,1909f56bfc062723c751e8b465ee728b)
Start importing Assets/Prefabs/Asteroid.prefab using Guid(569baed736cfd8840b76d836bd41d7f3) Importer(815301076,1909f56bfc062723c751e8b465ee728b)  -> (artifact id: 'bff9b8d1c01e1c52c54e26451eeddd73') in 0.008440 seconds
  Import took 0.011697 seconds .

========================================================================
Received Prepare
Registering precompiled user dll's ...
Registered in 0.000890 seconds.
Begin MonoManager ReloadAssembly
Native extension for WindowsStandalone target not found
Refreshing native plugins compatible for Editor in 0.32 ms, found 1 plugins.
Preloading 0 native plugins for Editor in 0.00 ms.
Invoked RoslynAnalysisRunner static constructor.
RoslynAnalysisRunner will not be running.
RoslynAnalysisRunner has terminated.
Mono: successfully reloaded assembly
- Completed reload, in  0.755 seconds
Platform modules already initialized, skipping
Refreshing native plugins compatible for Editor in 0.31 ms, found 1 plugins.
Preloading 0 native plugins for Editor in 0.00 ms.
Unloading 1786 Unused Serialized files (Serialized files now loaded: 0)
System memory in use before: 87.0 MB.
System memory in use after: 87.0 MB.

Unloading 13 unused Assets to reduce memory usage. Loaded Objects now: 2250.
Total: 2.188400 ms (FindLiveObjects: 0.189300 ms CreateObjectMapping: 0.058500 ms MarkObjects: 1.847200 ms  DeleteObjects: 0.092100 ms)

========================================================================
Received Import Request.
  Time since last request: 4737.943404 seconds.
  path: ProjectSettings/TagManager.asset
  artifactKey: Guid(00000000000000003000000000000000) Importer(815301076,1909f56bfc062723c751e8b465ee728b)
Start importing ProjectSettings/TagManager.asset using Guid(00000000000000003000000000000000) Importer(815301076,1909f56bfc062723c751e8b465ee728b)  -> (artifact id: '1704a69ee7561188292081adef4a8d73') in 0.013458 seconds
  Import took 0.017355 seconds .

========================================================================
Received Import Request.
  Time since last request: 0.004528 seconds.
  path: ProjectSettings/TagManager.asset
  artifactKey: Guid(00000000000000003000000000000000) Importer(815301076,1909f56bfc062723c751e8b465ee728b)
Start importing ProjectSettings/TagManager.asset using Guid(00000000000000003000000000000000) Importer(815301076,1909f56bfc062723c751e8b465ee728b)  -> (artifact id: '1704a69ee7561188292081adef4a8d73') in 0.001642 seconds
  Import took 0.004329 seconds .

========================================================================
Received Import Request.
  Time since last request: 28.644462 seconds.
  path: Assets/Prefabs/Bullet.prefab
  artifactKey: Guid(d8b0181cf17f5c64fb2c2ef368f674d4) Importer(815301076,1909f56bfc062723c751e8b465ee728b)
Start importing Assets/Prefabs/Bullet.prefab using Guid(d8b0181cf17f5c64fb2c2ef368f674d4) Importer(815301076,1909f56bfc062723c751e8b465ee728b)  -> (artifact id: '49518899ec37733b688a5bf8966e9278') in 0.051789 seconds
  Import took 0.054647 seconds .

========================================================================
Received Prepare
Registering precompiled user dll's ...
Registered in 0.000873 seconds.
Begin MonoManager ReloadAssembly
Native extension for WindowsStandalone target not found
Refreshing native plugins compatible for Editor in 0.32 ms, found 1 plugins.
Preloading 0 native plugins for Editor in 0.00 ms.
Invoked RoslynAnalysisRunner static constructor.
RoslynAnalysisRunner will not be running.
RoslynAnalysisRunner has terminated.
Mono: successfully reloaded assembly
- Completed reload, in  0.758 seconds
Platform modules already initialized, skipping
Refreshing native plugins compatible for Editor in 0.32 ms, found 1 plugins.
Preloading 0 native plugins for Editor in 0.00 ms.
Unloading 1786 Unused Serialized files (Serialized files now loaded: 0)
System memory in use before: 87.1 MB.
System memory in use after: 87.1 MB.

Unloading 14 unused Assets to reduce memory usage. Loaded Objects now: 2254.
Total: 1.864100 ms (FindLiveObjects: 0.168600 ms CreateObjectMapping: 0.070300 ms MarkObjects: 1.535800 ms  DeleteObjects: 0.088600 ms)

========================================================================
Received Prepare
Registering precompiled user dll's ...
Registered in 0.000837 seconds.
Begin MonoManager ReloadAssembly
Native extension for WindowsStandalone target not found
Refreshing native plugins compatible for Editor in 0.32 ms, found 1 plugins.
Preloading 0 native plugins for Editor in 0.00 ms.
Invoked RoslynAnalysisRunner static constructor.
RoslynAnalysisRunner will not be running.
RoslynAnalysisRunner has terminated.
Mono: successfully reloaded assembly
- Completed reload, in  0.779 seconds
Platform modules already initialized, skipping
Refreshing native plugins compatible for Editor in 0.31 ms, found 1 plugins.
Preloading 0 native plugins for Editor in 0.00 ms.
Unloading 1786 Unused Serialized files (Serialized files now loaded: 0)
System memory in use before: 87.2 MB.
System memory in use after: 87.2 MB.

Unloading 12 unused Assets to reduce memory usage. Loaded Objects now: 2257.
Total: 1.933100 ms (FindLiveObjects: 0.206200 ms CreateObjectMapping: 0.073600 ms MarkObjects: 1.556000 ms  DeleteObjects: 0.096200 ms)

========================================================================
Received Prepare
Registering precompiled user dll's ...
Registered in 0.001093 seconds.
Begin MonoManager ReloadAssembly
Native extension for WindowsStandalone target not found
Refreshing native plugins compatible for Editor in 0.34 ms, found 1 plugins.
Preloading 0 native plugins for Editor in 0.00 ms.
Invoked RoslynAnalysisRunner static constructor.
RoslynAnalysisRunner will not be running.
RoslynAnalysisRunner has terminated.
Mono: successfully reloaded assembly
- Completed reload, in  0.747 seconds
Platform modules already initialized, skipping
Refreshing native plugins compatible for Editor in 0.35 ms, found 1 plugins.
Preloading 0 native plugins for Editor in 0.00 ms.
Unloading 1786 Unused Serialized files (Serialized files now loaded: 0)
System memory in use before: 87.2 MB.
System memory in use after: 87.2 MB.

Unloading 12 unused Assets to reduce memory usage. Loaded Objects now: 2260.
Total: 1.976400 ms (FindLiveObjects: 0.283700 ms CreateObjectMapping: 0.065600 ms MarkObjects: 1.509800 ms  DeleteObjects: 0.116100 ms)

AssetImportWorkerClient::OnTransportError - code=2 error=End of file
